<?xml version="1.0" encoding="UTF-8"?>
<testng-results ignored="0" total="1" passed="1" failed="0" skipped="0">
  <reporter-output>
  </reporter-output>
  <suite started-at="2024-01-02T12:45:25 IST" name="Default suite" finished-at="2024-01-02T12:45:26 IST" duration-ms="232">
    <groups>
    </groups>
    <test started-at="2024-01-02T12:45:25 IST" name="Default test" finished-at="2024-01-02T12:45:26 IST" duration-ms="232">
      <class name="vtiger.Practice.SampleJDBCExecuteUpdate">
        <test-method signature="sample()[pri:0, instance:vtiger.Practice.SampleJDBCExecuteUpdate@55b7a4e0]" started-at="2024-01-02T12:45:25 IST" name="sample" finished-at="2024-01-02T12:45:26 IST" duration-ms="205" status="PASS">
          <reporter-output>
          </reporter-output>
        </test-method> <!-- sample -->
      </class> <!-- vtiger.Practice.SampleJDBCExecuteUpdate -->
    </test> <!-- Default test -->
  </suite> <!-- Default suite -->
</testng-results>
